<?xml version="1.0" encoding="UTF-8"?>
<testsuite xmlns:xsi="http://www.w3.org/2001/XMLSchema-instance" xsi:schemaLocation="https://maven.apache.org/surefire/maven-surefire-plugin/xsd/surefire-test-report.xsd" name="Statment_Brancch_coverage.Statment_Brancch_coverage.TestSuite" time="0.093" tests="22" errors="0" skipped="0" failures="0">
  <properties>
    <property name="jansi.mode" value="force"/>
    <property name="java.runtime.name" value="Java(TM) SE Runtime Environment"/>
    <property name="java.vm.version" value="19.0.1+10-21"/>
    <property name="sun.boot.library.path" value="C:\Program Files\Java\jdk-19\bin"/>
    <property name="maven.multiModuleProjectDirectory" value="C:\Users\shimo\git\statment_branch_coverage\Statment_Brancch_coverage"/>
    <property name="java.vm.vendor" value="Oracle Corporation"/>
    <property name="java.vendor.url" value="https://java.oracle.com/"/>
    <property name="guice.disable.misplaced.annotation.check" value="true"/>
    <property name="path.separator" value=";"/>
    <property name="java.vm.name" value="Java HotSpot(TM) 64-Bit Server VM"/>
    <property name="sun.os.patch.level" value=""/>
    <property name="user.script" value=""/>
    <property name="user.country" value="IL"/>
    <property name="sun.java.launcher" value="SUN_STANDARD"/>
    <property name="java.vm.specification.name" value="Java Virtual Machine Specification"/>
    <property name="user.dir" value="C:\Users\shimo\git\statment_branch_coverage\Statment_Brancch_coverage"/>
    <property name="java.vm.compressedOopsMode" value="Zero based"/>
    <property name="java.runtime.version" value="19.0.1+10-21"/>
    <property name="os.arch" value="amd64"/>
    <property name="java.io.tmpdir" value="C:\Users\shimo\AppData\Local\Temp\"/>
    <property name="line.separator" value="&#10;"/>
    <property name="java.vm.specification.vendor" value="Oracle Corporation"/>
    <property name="user.variant" value=""/>
    <property name="stderr.encoding" value="Cp1252"/>
    <property name="os.name" value="Windows 10"/>
    <property name="classworlds.conf" value="C:\Users\shimo\eclipse-workspace\.metadata\.plugins\org.eclipse.m2e.launching\launches\m2conf18068218270169355519.tmp"/>
    <property name="sun.jnu.encoding" value="Cp1252"/>
    <property name="stdout.encoding" value="Cp1252"/>
    <property name="java.library.path" value="C:\Program Files\Java\jdk-19\bin;C:\WINDOWS\Sun\Java\bin;C:\WINDOWS\system32;C:\WINDOWS;C:\Program Files\Common Files\Oracle\Java\javapath;C:\Program Files (x86)\Common Files\Oracle\Java\javapath;C:\Windows\system32;C:\Windows;C:\Windows\System32\Wbem;C:\Windows\System32\WindowsPowerShell\v1.0\;C:\Windows\System32\OpenSSH\;C:\Program Files (x86)\NVIDIA Corporation\PhysX\Common;C:\Program Files\NVIDIA Corporation\NVIDIA NvDLISR;C:\WINDOWS\system32;C:\WINDOWS;C:\WINDOWS\System32\Wbem;C:\WINDOWS\System32\WindowsPowerShell\v1.0\;C:\WINDOWS\System32\OpenSSH\;C:\Program Files\dotnet\;C:\Program Files\Microsoft SQL Server\Client SDK\ODBC\170\Tools\Binn\;C:\Program Files (x86)\Microsoft SQL Server\150\Tools\Binn\;C:\Program Files\Microsoft SQL Server\150\Tools\Binn\;C:\Program Files\Microsoft SQL Server\150\DTS\Binn\;C:\Program Files (x86)\Microsoft SQL Server\150\DTS\Binn\;C:\Program Files\Azure Data Studio\bin;C:\Program Files (x86)\Microsoft SQL Server\160\Tools\Binn\;C:\Program Files\Microsoft SQL Server\160\Tools\Binn\;C:\Program Files\Microsoft SQL Server\160\DTS\Binn\;C:\Program Files\Java\jdk-19\bin;C:\Program Files\Java\jdk-17\bin;C:\Program Files\Git\cmd;C:\Users\shimo\AppData\Local\Microsoft\WindowsApps;;C:\Program Files\Azure Data Studio\bin;C:\Users\shimo\AppData\Local\Programs\Microsoft VS Code\bin;."/>
    <property name="jdk.debug" value="release"/>
    <property name="java.class.version" value="63.0"/>
    <property name="java.specification.name" value="Java Platform API Specification"/>
    <property name="sun.management.compiler" value="HotSpot 64-Bit Tiered Compilers"/>
    <property name="os.version" value="10.0"/>
    <property name="user.home" value="C:\Users\shimo"/>
    <property name="user.timezone" value="Asia/Jerusalem"/>
    <property name="file.encoding" value="UTF-8"/>
    <property name="java.specification.version" value="19"/>
    <property name="user.name" value="shimo"/>
    <property name="java.class.path" value="C:\Users\shimo\.p2\pool\plugins\org.eclipse.m2e.maven.runtime_3.9.100.20230519-1558\jars\plexus-classworlds-2.6.0.jar"/>
    <property name="java.vm.specification.version" value="19"/>
    <property name="sun.arch.data.model" value="64"/>
    <property name="sun.java.command" value="org.codehaus.plexus.classworlds.launcher.Launcher -B -Dstyle.color=always test"/>
    <property name="java.home" value="C:\Program Files\Java\jdk-19"/>
    <property name="user.language" value="he"/>
    <property name="java.specification.vendor" value="Oracle Corporation"/>
    <property name="java.vm.info" value="mixed mode, sharing"/>
    <property name="java.version" value="19.0.1"/>
    <property name="native.encoding" value="Cp1252"/>
    <property name="java.vendor" value="Oracle Corporation"/>
    <property name="maven.home" value="C:\Users\shimo\git\statment_branch_coverage\Statment_Brancch_coverage\EMBEDDED"/>
    <property name="style.color" value="always"/>
    <property name="file.separator" value="\"/>
    <property name="java.version.date" value="2022-10-18"/>
    <property name="java.vendor.url.bug" value="https://bugreport.java.com/bugreport/"/>
    <property name="sun.io.unicode.encoding" value="UnicodeLittle"/>
    <property name="sun.cpu.endian" value="little"/>
    <property name="m2e.build.project.data.socket.port" value="59398"/>
    <property name="sun.cpu.isalist" value="amd64"/>
  </properties>
  <testcase name="testSilverStatusWithHighCartHighCredit" classname="Statment_Brancch_coverage.Statment_Brancch_coverage.CheckoutTest" time="0.006"/>
  <testcase name="testGoldStatusWithHighCartHighCredit" classname="Statment_Brancch_coverage.Statment_Brancch_coverage.CheckoutTest" time="0"/>
  <testcase name="testSilverStatusWithHighCartLowCredit" classname="Statment_Brancch_coverage.Statment_Brancch_coverage.CheckoutTest" time="0"/>
  <testcase name="testNoStatusWithHighCartHighCredit" classname="Statment_Brancch_coverage.Statment_Brancch_coverage.CheckoutTest" time="0"/>
  <testcase name="testGoldStatusWithLowCart" classname="Statment_Brancch_coverage.Statment_Brancch_coverage.CheckoutTest" time="0.001"/>
  <testcase name="testNoStatusWithLowCart" classname="Statment_Brancch_coverage.Statment_Brancch_coverage.CheckoutTest" time="0"/>
  <testcase name="testSilverStatusWithLowCart" classname="Statment_Brancch_coverage.Statment_Brancch_coverage.CheckoutTest" time="0"/>
  <testcase name="testNoStatusWithHighCartLowCredit" classname="Statment_Brancch_coverage.Statment_Brancch_coverage.CheckoutTest" time="0"/>
  <testcase name="testGoldStatusWithHighCartLowCredit" classname="Statment_Brancch_coverage.Statment_Brancch_coverage.CheckoutTest" time="0"/>
  <testcase name="b_bigger_than_a" classname="Statment_Brancch_coverage.Statment_Brancch_coverage.Ex1_a" time="0.002"/>
  <testcase name="a_bigger_than_b" classname="Statment_Brancch_coverage.Statment_Brancch_coverage.Ex1_b" time="0"/>
  <testcase name="b_bigger_than_a" classname="Statment_Brancch_coverage.Statment_Brancch_coverage.Ex1_b" time="0"/>
  <testcase name="a_equal_b" classname="Statment_Brancch_coverage.Statment_Brancch_coverage.Ex1_b" time="0.001"/>
  <testcase name="testDivisionByZero" classname="Statment_Brancch_coverage.Statment_Brancch_coverage.Ex2_a" time="0"/>
  <testcase name="testDivisionByZero" classname="Statment_Brancch_coverage.Statment_Brancch_coverage.Ex2_a" time="0"/>
  <testcase name="testPositiveX" classname="Statment_Brancch_coverage.Statment_Brancch_coverage.Ex3_a" time="0.001"/>
  <testcase name="testNegativeX" classname="Statment_Brancch_coverage.Statment_Brancch_coverage.Ex3_a" time="0"/>
  <testcase name="testPositiveX" classname="Statment_Brancch_coverage.Statment_Brancch_coverage.Ex3_b" time="0"/>
  <testcase name="testNegativeX" classname="Statment_Brancch_coverage.Statment_Brancch_coverage.Ex3_b" time="0"/>
  <testcase name="testDivisionByZero" classname="Statment_Brancch_coverage.Statment_Brancch_coverage.Ex3_b" time="0"/>
  <testcase name="testPositiveX" classname="Statment_Brancch_coverage.Statment_Brancch_coverage.Ex4_a" time="0"/>
  <testcase name="testVeryNegativeX" classname="Statment_Brancch_coverage.Statment_Brancch_coverage.Ex4_a" time="0"/>
</testsuite>